00:16:52 **** Incremental Build of configuration Debug for project Soil_Irrigation_System ****
make all 
Invoking: Print Size
avr-size --format=avr --mcu=atmega32 Soil_Irrigation_System.elf
AVR Memory Usage
----------------
Device: atmega32

Program:   17114 bytes (52.2% Full)
(.text + .data + .bootloader)

Data:        100 bytes (4.9% Full)
(.data + .bss + .noinit)


Finished building: sizedummy
 
00:19:15 **** Incremental Build of configuration Debug for project Soil_Irrigation_System ****
make all 
Invoking: Print Size
avr-size --format=avr --mcu=atmega32 Soil_Irrigation_System.elf
AVR Memory Usage
----------------
Device: atmega32

Program:   17114 bytes (52.2% Full)
(.text + .data + .bootloader)

Data:        100 bytes (4.9% Full)
(.data + .bss + .noinit)


Finished building: sizedummy
 
00:19:19 **** Incremental Build of configuration Debug for project Soil_Irrigation_System ****
make all 
Building file: ../main.c
Invoking: AVR Compiler
avr-gcc -Wall -g2 -gstabs -O0 -fpack-struct -fshort-enums -ffunction-sections -fdata-sections -std=gnu99 -funsigned-char -funsigned-bitfields -mmcu=atmega32 -DF_CPU=16000000UL -MMD -MP -MF"main.d" -MT"main.o" -c -o "main.o" "../main.c"
In file included from ../main.c:10:
c:/winavr-20100110/lib/gcc/../../avr/include/util/delay.h:90:3: warning: #warning "Compiler optimizations disabled; functions from <util/delay.h> won't work as designed"
Finished building: ../main.c
 
Building target: Soil_Irrigation_System.elf
Invoking: AVR C Linker
avr-gcc -Wl,-Map,Soil_Irrigation_System.map -mmcu=atmega32 -o "Soil_Irrigation_System.elf"  ./MCAL/UART/uart.o  ./MCAL/TIMER0/timer0.o  ./MCAL/GPIO/gpio.o  ./MCAL/EXTERNAL_INTERRUPT/external_interrupt.o  ./MCAL/ADC/adc.o  ./HAL/WATER_PUMP/waterPumb.o  ./HAL/SOIL_SENSOR/SoilSensor.o  ./HAL/LCD/lcd.o  ./HAL/KEYPAD/keypad.o  ./main.o   
Finished building target: Soil_Irrigation_System.elf
 
Invoking: AVR Create Extended Listing
avr-objdump -h -S Soil_Irrigation_System.elf  >"Soil_Irrigation_System.lss"
Finished building: Soil_Irrigation_System.lss
 
Create Flash image (ihex format)
avr-objcopy -R .eeprom -R .fuse -R .lock -R .signature -O ihex Soil_Irrigation_System.elf  "Soil_Irrigation_System.hex"
Finished building: Soil_Irrigation_System.hex
 
Invoking: Print Size
avr-size --format=avr --mcu=atmega32 Soil_Irrigation_System.elf
AVR Memory Usage
----------------
Device: atmega32

Program:   17114 bytes (52.2% Full)
(.text + .data + .bootloader)

Data:        100 bytes (4.9% Full)
(.data + .bss + .noinit)


Finished building: sizedummy
 
00:24:23 **** Incremental Build of configuration Debug for project Soil_Irrigation_System ****
make all 
Building file: ../MCAL/UART/uart.c
Invoking: AVR Compiler
avr-gcc -Wall -g2 -gstabs -O0 -fpack-struct -fshort-enums -ffunction-sections -fdata-sections -std=gnu99 -funsigned-char -funsigned-bitfields -mmcu=atmega32 -DF_CPU=16000000UL -MMD -MP -MF"MCAL/UART/uart.d" -MT"MCAL/UART/uart.o" -c -o "MCAL/UART/uart.o" "../MCAL/UART/uart.c"
In file included from ../MCAL/UART/uart.c:13:
../MCAL/UART/uart.h:16:23: error: std_types.h: No such file or directory
In file included from ../MCAL/UART/uart.c:13:
../MCAL/UART/uart.h:29: error: expected ')' before 'baud_rate'
../MCAL/UART/uart.h:35: warning: type defaults to 'int' in declaration of 'uint8'
../MCAL/UART/uart.h:35: error: expected ';', ',' or ')' before 'data'
../MCAL/UART/uart.h:41: error: expected '=', ',', ';', 'asm' or '__attribute__' before 'UART_recieveByte'
../MCAL/UART/uart.h:47: warning: type defaults to 'int' in declaration of 'uint8'
../MCAL/UART/uart.h:47: error: expected ';', ',' or ')' before '*' token
../MCAL/UART/uart.h:53: error: expected ')' before '*' token
../MCAL/UART/uart.c:15:64: error: common_macros.h: No such file or directory
../MCAL/UART/uart.c:28: error: expected ')' before 'baud_rate'
../MCAL/UART/uart.c:68: warning: type defaults to 'int' in declaration of 'uint8'
../MCAL/UART/uart.c:68: error: expected ';', ',' or ')' before 'data'
../MCAL/UART/uart.c:93: error: expected '=', ',', ';', 'asm' or '__attribute__' before 'UART_recieveByte'
../MCAL/UART/uart.c:109: warning: type defaults to 'int' in declaration of 'uint8'
../MCAL/UART/uart.c:109: error: expected ';', ',' or ')' before '*' token
../MCAL/UART/uart.c:132: error: expected ')' before '*' token
make: *** [MCAL/UART/uart.o] Error 1
"make all" terminated with exit code 2. Build might be incomplete.
00:24:42 **** Incremental Build of configuration Debug for project Soil_Irrigation_System ****
make all 
Building file: ../MCAL/UART/uart.c
Invoking: AVR Compiler
avr-gcc -Wall -g2 -gstabs -O0 -fpack-struct -fshort-enums -ffunction-sections -fdata-sections -std=gnu99 -funsigned-char -funsigned-bitfields -mmcu=atmega32 -DF_CPU=16000000UL -MMD -MP -MF"MCAL/UART/uart.d" -MT"MCAL/UART/uart.o" -c -o "MCAL/UART/uart.o" "../MCAL/UART/uart.c"
Finished building: ../MCAL/UART/uart.c
 
Building file: ../main.c
Invoking: AVR Compiler
avr-gcc -Wall -g2 -gstabs -O0 -fpack-struct -fshort-enums -ffunction-sections -fdata-sections -std=gnu99 -funsigned-char -funsigned-bitfields -mmcu=atmega32 -DF_CPU=16000000UL -MMD -MP -MF"main.d" -MT"main.o" -c -o "main.o" "../main.c"
In file included from ../main.c:10:
c:/winavr-20100110/lib/gcc/../../avr/include/util/delay.h:90:3: warning: #warning "Compiler optimizations disabled; functions from <util/delay.h> won't work as designed"
Finished building: ../main.c
 
Building target: Soil_Irrigation_System.elf
Invoking: AVR C Linker
avr-gcc -Wl,-Map,Soil_Irrigation_System.map -mmcu=atmega32 -o "Soil_Irrigation_System.elf"  ./MCAL/UART/uart.o  ./MCAL/TIMER0/timer0.o  ./MCAL/GPIO/gpio.o  ./MCAL/EXTERNAL_INTERRUPT/external_interrupt.o  ./MCAL/ADC/adc.o  ./HAL/WATER_PUMP/waterPumb.o  ./HAL/SOIL_SENSOR/SoilSensor.o  ./HAL/LCD/lcd.o  ./HAL/KEYPAD/keypad.o  ./main.o   
Finished building target: Soil_Irrigation_System.elf
 
Invoking: AVR Create Extended Listing
avr-objdump -h -S Soil_Irrigation_System.elf  >"Soil_Irrigation_System.lss"
Finished building: Soil_Irrigation_System.lss
 
Create Flash image (ihex format)
avr-objcopy -R .eeprom -R .fuse -R .lock -R .signature -O ihex Soil_Irrigation_System.elf  "Soil_Irrigation_System.hex"
Finished building: Soil_Irrigation_System.hex
 
Invoking: Print Size
avr-size --format=avr --mcu=atmega32 Soil_Irrigation_System.elf
AVR Memory Usage
----------------
Device: atmega32

Program:   16880 bytes (51.5% Full)
(.text + .data + .bootloader)

Data:         92 bytes (4.5% Full)
(.data + .bss + .noinit)


Finished building: sizedummy
 
